2015-03-07 00:53:54,897 - __main__ - ERROR - Exception on / [GET]
Traceback (most recent call last):
  File "/usr/local/lib/python2.7/dist-packages/flask/app.py", line 1817, in wsgi_app
    response = self.full_dispatch_request()
  File "/usr/local/lib/python2.7/dist-packages/flask/app.py", line 1478, in full_dispatch_request
    response = self.make_response(rv)
  File "/usr/local/lib/python2.7/dist-packages/flask/app.py", line 1566, in make_response
    raise ValueError('View function did not return a response')
ValueError: View function did not return a response
2015-03-07 01:10:36,344 - __main__ - ERROR - Exception on / [GET]
Traceback (most recent call last):
  File "/usr/local/lib/python2.7/dist-packages/flask/app.py", line 1817, in wsgi_app
    response = self.full_dispatch_request()
  File "/usr/local/lib/python2.7/dist-packages/flask/app.py", line 1477, in full_dispatch_request
    rv = self.handle_user_exception(e)
  File "/usr/local/lib/python2.7/dist-packages/flask/app.py", line 1381, in handle_user_exception
    reraise(exc_type, exc_value, tb)
  File "/usr/local/lib/python2.7/dist-packages/flask/app.py", line 1475, in full_dispatch_request
    rv = self.dispatch_request()
  File "/usr/local/lib/python2.7/dist-packages/flask/app.py", line 1461, in dispatch_request
    return self.view_functions[rule.endpoint](**req.view_args)
  File "./main.py", line 19, in home
    flash('feedback message')
  File "/usr/local/lib/python2.7/dist-packages/flask/helpers.py", line 366, in flash
    session['_flashes'] = flashes
  File "/usr/local/lib/python2.7/dist-packages/werkzeug/local.py", line 341, in __setitem__
    self._get_current_object()[key] = value
  File "/usr/local/lib/python2.7/dist-packages/flask/sessions.py", line 126, in _fail
    raise RuntimeError('the session is unavailable because no secret '
RuntimeError: the session is unavailable because no secret key was set.  Set the secret_key on the application to something unique and secret.
2015-03-07 01:17:54,170 - __main__ - ERROR - Exception on / [GET]
Traceback (most recent call last):
  File "/usr/local/lib/python2.7/dist-packages/flask/app.py", line 1817, in wsgi_app
    response = self.full_dispatch_request()
  File "/usr/local/lib/python2.7/dist-packages/flask/app.py", line 1477, in full_dispatch_request
    rv = self.handle_user_exception(e)
  File "/usr/local/lib/python2.7/dist-packages/flask/app.py", line 1381, in handle_user_exception
    reraise(exc_type, exc_value, tb)
  File "/usr/local/lib/python2.7/dist-packages/flask/app.py", line 1475, in full_dispatch_request
    rv = self.dispatch_request()
  File "/usr/local/lib/python2.7/dist-packages/flask/app.py", line 1461, in dispatch_request
    return self.view_functions[rule.endpoint](**req.view_args)
  File "./main.py", line 19, in home
    flash('feedback message')
  File "/usr/local/lib/python2.7/dist-packages/flask/helpers.py", line 366, in flash
    session['_flashes'] = flashes
  File "/usr/local/lib/python2.7/dist-packages/werkzeug/local.py", line 341, in __setitem__
    self._get_current_object()[key] = value
  File "/usr/local/lib/python2.7/dist-packages/flask/sessions.py", line 126, in _fail
    raise RuntimeError('the session is unavailable because no secret '
RuntimeError: the session is unavailable because no secret key was set.  Set the secret_key on the application to something unique and secret.
2015-03-09 13:51:54,980 - __main__ - ERROR - Exception on / [GET]
Traceback (most recent call last):
  File "/usr/local/lib/python2.7/dist-packages/flask/app.py", line 1817, in wsgi_app
    response = self.full_dispatch_request()
  File "/usr/local/lib/python2.7/dist-packages/flask/app.py", line 1477, in full_dispatch_request
    rv = self.handle_user_exception(e)
  File "/usr/local/lib/python2.7/dist-packages/flask/app.py", line 1381, in handle_user_exception
    reraise(exc_type, exc_value, tb)
  File "/usr/local/lib/python2.7/dist-packages/flask/app.py", line 1475, in full_dispatch_request
    rv = self.dispatch_request()
  File "/usr/local/lib/python2.7/dist-packages/flask/app.py", line 1461, in dispatch_request
    return self.view_functions[rule.endpoint](**req.view_args)
  File "./main.py", line 20, in home
    return render_template('home.html')
  File "/usr/local/lib/python2.7/dist-packages/flask/templating.py", line 128, in render_template
    context, ctx.app)
  File "/usr/local/lib/python2.7/dist-packages/flask/templating.py", line 110, in _render
    rv = template.render(context)
  File "/usr/local/lib/python2.7/dist-packages/jinja2/environment.py", line 969, in render
    return self.environment.handle_exception(exc_info, True)
  File "/usr/local/lib/python2.7/dist-packages/jinja2/environment.py", line 742, in handle_exception
    reraise(exc_type, exc_value, tb)
  File "/home/happy/tapp/python/eshop.loc/templates/home.html", line 1, in top-level template code
    {% extends "layout.html" %}
  File "/home/happy/tapp/python/eshop.loc/templates/layout.html", line 15, in top-level template code
    <a href="{{ url_for('/') }}"></a>
  File "/usr/local/lib/python2.7/dist-packages/flask/helpers.py", line 312, in url_for
    return appctx.app.handle_url_build_error(error, endpoint, values)
  File "/usr/local/lib/python2.7/dist-packages/flask/app.py", line 1641, in handle_url_build_error
    reraise(exc_type, exc_value, tb)
  File "/usr/local/lib/python2.7/dist-packages/flask/helpers.py", line 305, in url_for
    force_external=external)
  File "/usr/local/lib/python2.7/dist-packages/werkzeug/routing.py", line 1649, in build
    raise BuildError(endpoint, values, method)
BuildError: ('/', {}, None)
2015-03-09 13:54:42,804 - __main__ - ERROR - Exception on / [GET]
Traceback (most recent call last):
  File "/usr/local/lib/python2.7/dist-packages/flask/app.py", line 1817, in wsgi_app
    response = self.full_dispatch_request()
  File "/usr/local/lib/python2.7/dist-packages/flask/app.py", line 1477, in full_dispatch_request
    rv = self.handle_user_exception(e)
  File "/usr/local/lib/python2.7/dist-packages/flask/app.py", line 1381, in handle_user_exception
    reraise(exc_type, exc_value, tb)
  File "/usr/local/lib/python2.7/dist-packages/flask/app.py", line 1475, in full_dispatch_request
    rv = self.dispatch_request()
  File "/usr/local/lib/python2.7/dist-packages/flask/app.py", line 1461, in dispatch_request
    return self.view_functions[rule.endpoint](**req.view_args)
  File "./main.py", line 20, in home
    return render_template('home.html')
  File "/usr/local/lib/python2.7/dist-packages/flask/templating.py", line 128, in render_template
    context, ctx.app)
  File "/usr/local/lib/python2.7/dist-packages/flask/templating.py", line 110, in _render
    rv = template.render(context)
  File "/usr/local/lib/python2.7/dist-packages/jinja2/environment.py", line 969, in render
    return self.environment.handle_exception(exc_info, True)
  File "/usr/local/lib/python2.7/dist-packages/jinja2/environment.py", line 742, in handle_exception
    reraise(exc_type, exc_value, tb)
  File "/home/happy/tapp/python/eshop.loc/templates/home.html", line 1, in top-level template code
    {% extends "layout.html" %}
  File "/home/happy/tapp/python/eshop.loc/templates/layout.html", line 15, in top-level template code
    <a href="{{ url_for('.') }}"></a>
  File "/usr/local/lib/python2.7/dist-packages/flask/helpers.py", line 312, in url_for
    return appctx.app.handle_url_build_error(error, endpoint, values)
  File "/usr/local/lib/python2.7/dist-packages/flask/app.py", line 1641, in handle_url_build_error
    reraise(exc_type, exc_value, tb)
  File "/usr/local/lib/python2.7/dist-packages/flask/helpers.py", line 305, in url_for
    force_external=external)
  File "/usr/local/lib/python2.7/dist-packages/werkzeug/routing.py", line 1649, in build
    raise BuildError(endpoint, values, method)
BuildError: ('', {}, None)
2015-03-09 16:21:43,008 - __main__ - WARNING - <Request 'http://localhost:5000/' [GET]>
2015-03-09 16:44:38,396 - __main__ - ERROR - Exception on / [GET]
Traceback (most recent call last):
  File "/usr/local/lib/python2.7/dist-packages/flask/app.py", line 1817, in wsgi_app
    response = self.full_dispatch_request()
  File "/usr/local/lib/python2.7/dist-packages/flask/app.py", line 1477, in full_dispatch_request
    rv = self.handle_user_exception(e)
  File "/usr/local/lib/python2.7/dist-packages/flask/app.py", line 1381, in handle_user_exception
    reraise(exc_type, exc_value, tb)
  File "/usr/local/lib/python2.7/dist-packages/flask/app.py", line 1475, in full_dispatch_request
    rv = self.dispatch_request()
  File "/usr/local/lib/python2.7/dist-packages/flask/app.py", line 1461, in dispatch_request
    return self.view_functions[rule.endpoint](**req.view_args)
  File "./main.py", line 23, in home
    return render_template('home.html', **template_vars)
  File "/usr/local/lib/python2.7/dist-packages/flask/templating.py", line 128, in render_template
    context, ctx.app)
  File "/usr/local/lib/python2.7/dist-packages/flask/templating.py", line 110, in _render
    rv = template.render(context)
  File "/usr/local/lib/python2.7/dist-packages/jinja2/environment.py", line 969, in render
    return self.environment.handle_exception(exc_info, True)
  File "/usr/local/lib/python2.7/dist-packages/jinja2/environment.py", line 742, in handle_exception
    reraise(exc_type, exc_value, tb)
  File "/home/happy/tapp/python/eshop.loc/templates/home.html", line 3, in top-level template code
    {% set active_page='HOME' %}
  File "/home/happy/tapp/python/eshop.loc/templates/layout.html", line 17, in top-level template code
    {% include 'blocks/top_menu.html' %}
  File "/home/happy/tapp/python/eshop.loc/templates/blocks/top_menu.html", line 12, in top-level template code
    <label>{{ caption|default(capitalize(endpoint)) }}</label>
UndefinedError: 'capitalize' is undefined
2015-03-09 16:48:03,818 - __main__ - ERROR - Exception on / [GET]
Traceback (most recent call last):
  File "/usr/local/lib/python2.7/dist-packages/flask/app.py", line 1817, in wsgi_app
    response = self.full_dispatch_request()
  File "/usr/local/lib/python2.7/dist-packages/flask/app.py", line 1477, in full_dispatch_request
    rv = self.handle_user_exception(e)
  File "/usr/local/lib/python2.7/dist-packages/flask/app.py", line 1381, in handle_user_exception
    reraise(exc_type, exc_value, tb)
  File "/usr/local/lib/python2.7/dist-packages/flask/app.py", line 1475, in full_dispatch_request
    rv = self.dispatch_request()
  File "/usr/local/lib/python2.7/dist-packages/flask/app.py", line 1461, in dispatch_request
    return self.view_functions[rule.endpoint](**req.view_args)
  File "./main.py", line 23, in home
    return render_template('home.html', **template_vars)
  File "/usr/local/lib/python2.7/dist-packages/flask/templating.py", line 128, in render_template
    context, ctx.app)
  File "/usr/local/lib/python2.7/dist-packages/flask/templating.py", line 110, in _render
    rv = template.render(context)
  File "/usr/local/lib/python2.7/dist-packages/jinja2/environment.py", line 969, in render
    return self.environment.handle_exception(exc_info, True)
  File "/usr/local/lib/python2.7/dist-packages/jinja2/environment.py", line 742, in handle_exception
    reraise(exc_type, exc_value, tb)
  File "/home/happy/tapp/python/eshop.loc/templates/blocks/top_menu.html", line 12, in template
    <label>{{ caption|default({{endpoint|capitalize}}) }}</label>
TemplateSyntaxError: expected token ':', got '}'
2015-03-09 20:14:36,469 - __main__ - WARNING - [{u'caption': u'Home', u'endpoint': u'home', u'public': u'true', u'administered': u'true', u'icon': u'icon-home'}, {u'caption': u'News', u'endpoint': u'news', u'public': u'true', u'administered': u'true', u'icon': u'icon-newspaper'}, {u'caption': u'About', u'endpoint': u'about', u'public': u'true', u'administered': u'true', u'icon': u'icon-info-circled'}, {u'caption': u'Contact', u'endpoint': u'contact', u'public': u'true', u'administered': u'true'}, {u'caption': u'Administration', u'endpoint': u'admin', u'public': u'false', u'administered': u'false', u'icon': u'icon-edit'}]
2015-03-09 20:16:42,242 - __main__ - WARNING - [{u'caption': u'Home', u'endpoint': u'home', u'public': u'true', u'administered': u'true', u'icon': u'icon-home'}, {u'caption': u'News', u'endpoint': u'news', u'public': u'true', u'administered': u'true', u'icon': u'icon-newspaper'}, {u'caption': u'About', u'endpoint': u'about', u'public': u'true', u'administered': u'true', u'icon': u'icon-info-circled'}, {u'caption': u'Contact', u'endpoint': u'contact', u'public': u'true', u'administered': u'true'}, {u'caption': u'Administration', u'endpoint': u'admin', u'public': u'false', u'administered': u'false', u'icon': u'icon-edit'}]
2015-03-09 20:18:57,865 - __main__ - WARNING - [{u'caption': u'Home', u'endpoint': u'home', u'public': u'true', u'administered': u'true', u'icon': u'icon-home'}, {u'caption': u'News', u'endpoint': u'news', u'public': u'true', u'administered': u'true', u'icon': u'icon-newspaper'}, {u'caption': u'About', u'endpoint': u'about', u'public': u'true', u'administered': u'true', u'icon': u'icon-info-circled'}, {u'caption': u'Contact', u'endpoint': u'contact', u'public': u'true', u'administered': u'true'}, {u'caption': u'Administration', u'endpoint': u'admin', u'public': u'false', u'administered': False, u'icon': u'icon-edit'}]
2015-03-10 21:44:28,653 - eshop - DEBUG - [{'public': True, 'icon': 'icon-home', 'administered': True, 'caption': 'Home', 'endpoint': 'home'}, {'public': True, 'icon': 'icon-newspaper', 'administered': True, 'caption': 'News', 'endpoint': 'news'}, {'public': True, 'icon': 'icon-info-circled', 'administered': True, 'caption': 'About', 'endpoint': 'about'}, {'public': True, 'icon': 'icon-mail', 'administered': True, 'caption': 'Contact', 'endpoint': 'contact'}, {'public': False, 'icon': 'icon-edit', 'administered': False, 'caption': 'Administration', 'endpoint': 'admin'}]
2015-03-10 21:44:29,116 - eshop - DEBUG - [{'icon': 'icon-home', 'endpoint': 'home', 'public': True, 'administered': True, 'caption': 'Home'}, {'icon': 'icon-newspaper', 'endpoint': 'news', 'public': True, 'administered': True, 'caption': 'News'}, {'icon': 'icon-info-circled', 'endpoint': 'about', 'public': True, 'administered': True, 'caption': 'About'}, {'icon': 'icon-mail', 'endpoint': 'contact', 'public': True, 'administered': True, 'caption': 'Contact'}, {'icon': 'icon-edit', 'endpoint': 'admin', 'public': False, 'administered': False, 'caption': 'Administration'}]
2015-03-10 21:45:41,756 - eshop - DEBUG - [{'endpoint': 'home', 'caption': 'Home', 'icon': 'icon-home', 'public': True, 'administered': True}, {'endpoint': 'news', 'caption': 'News', 'icon': 'icon-newspaper', 'public': True, 'administered': True}, {'endpoint': 'about', 'caption': 'About', 'icon': 'icon-info-circled', 'public': True, 'administered': True}, {'endpoint': 'contact', 'caption': 'Contact', 'icon': 'icon-mail', 'public': True, 'administered': True}, {'endpoint': 'admin', 'caption': 'Administration', 'icon': 'icon-edit', 'public': False, 'administered': False}]
2015-03-10 23:44:04,970 - eshop - DEBUG - [{'administered': True, 'public': True, 'endpoint': 'home', 'icon': 'icon-home', 'caption': 'Home'}, {'administered': True, 'public': True, 'endpoint': 'news', 'icon': 'icon-newspaper', 'caption': 'News'}, {'administered': True, 'public': True, 'endpoint': 'about', 'icon': 'icon-info-circled', 'caption': 'About'}, {'administered': True, 'public': True, 'endpoint': 'contact', 'icon': 'icon-mail', 'caption': 'Contact'}, {'administered': False, 'public': False, 'endpoint': 'admin', 'icon': 'icon-edit', 'caption': 'Administration'}]
2015-03-10 23:46:25,502 - eshop - DEBUG - [{'icon': 'icon-home', 'endpoint': 'home', 'public': True, 'caption': 'Home', 'administered': True}, {'icon': 'icon-newspaper', 'endpoint': 'news', 'public': True, 'caption': 'News', 'administered': True}, {'icon': 'icon-info-circled', 'endpoint': 'about', 'public': True, 'caption': 'About', 'administered': True}, {'icon': 'icon-mail', 'endpoint': 'contact', 'public': True, 'caption': 'Contact', 'administered': True}, {'icon': 'icon-edit', 'endpoint': 'admin', 'public': False, 'caption': 'Administration', 'administered': False}]
2015-03-10 23:46:26,193 - eshop - DEBUG - [{'icon': 'icon-home', 'administered': True, 'endpoint': 'home', 'caption': 'Home', 'public': True}, {'icon': 'icon-newspaper', 'administered': True, 'endpoint': 'news', 'caption': 'News', 'public': True}, {'icon': 'icon-info-circled', 'administered': True, 'endpoint': 'about', 'caption': 'About', 'public': True}, {'icon': 'icon-mail', 'administered': True, 'endpoint': 'contact', 'caption': 'Contact', 'public': True}, {'icon': 'icon-edit', 'administered': False, 'endpoint': 'admin', 'caption': 'Administration', 'public': False}]
2015-03-10 23:48:30,808 - eshop - DEBUG - [{'public': True, 'icon': 'icon-home', 'endpoint': 'home', 'administered': True, 'caption': 'Home'}, {'public': True, 'icon': 'icon-newspaper', 'endpoint': 'news', 'administered': True, 'caption': 'News'}, {'public': True, 'icon': 'icon-info-circled', 'endpoint': 'about', 'administered': True, 'caption': 'About'}, {'public': True, 'icon': 'icon-mail', 'endpoint': 'contact', 'administered': True, 'caption': 'Contact'}, {'public': False, 'icon': 'icon-edit', 'endpoint': 'admin', 'administered': False, 'caption': 'Administration'}]
2015-03-10 23:48:35,078 - eshop - DEBUG - [{'icon': 'icon-home', 'administered': True, 'endpoint': 'home', 'public': True, 'caption': 'Home'}, {'icon': 'icon-newspaper', 'administered': True, 'endpoint': 'news', 'public': True, 'caption': 'News'}, {'icon': 'icon-info-circled', 'administered': True, 'endpoint': 'about', 'public': True, 'caption': 'About'}, {'icon': 'icon-mail', 'administered': True, 'endpoint': 'contact', 'public': True, 'caption': 'Contact'}, {'icon': 'icon-edit', 'administered': False, 'endpoint': 'admin', 'public': False, 'caption': 'Administration'}]
2015-03-10 23:48:43,562 - eshop - DEBUG - [{'caption': 'Home', 'administered': True, 'endpoint': 'home', 'icon': 'icon-home', 'public': True}, {'caption': 'News', 'administered': True, 'endpoint': 'news', 'icon': 'icon-newspaper', 'public': True}, {'caption': 'About', 'administered': True, 'endpoint': 'about', 'icon': 'icon-info-circled', 'public': True}, {'caption': 'Contact', 'administered': True, 'endpoint': 'contact', 'icon': 'icon-mail', 'public': True}, {'caption': 'Administration', 'administered': False, 'endpoint': 'admin', 'icon': 'icon-edit', 'public': False}]
2015-03-10 23:48:59,398 - eshop - DEBUG - [{'public': True, 'icon': 'icon-home', 'caption': 'Home', 'endpoint': 'home', 'administered': True}, {'public': True, 'icon': 'icon-newspaper', 'caption': 'News', 'endpoint': 'news', 'administered': True}, {'public': True, 'icon': 'icon-info-circled', 'caption': 'About', 'endpoint': 'about', 'administered': True}, {'public': True, 'icon': 'icon-mail', 'caption': 'Contact', 'endpoint': 'contact', 'administered': True}, {'public': False, 'icon': 'icon-edit', 'caption': 'Administration', 'endpoint': 'admin', 'administered': False}]
2015-03-10 23:49:01,132 - eshop - DEBUG - [{'endpoint': 'home', 'public': True, 'caption': 'Home', 'administered': True, 'icon': 'icon-home'}, {'endpoint': 'news', 'public': True, 'caption': 'News', 'administered': True, 'icon': 'icon-newspaper'}, {'endpoint': 'about', 'public': True, 'caption': 'About', 'administered': True, 'icon': 'icon-info-circled'}, {'endpoint': 'contact', 'public': True, 'caption': 'Contact', 'administered': True, 'icon': 'icon-mail'}, {'endpoint': 'admin', 'public': False, 'caption': 'Administration', 'administered': False, 'icon': 'icon-edit'}]
2015-03-10 23:49:34,042 - eshop - DEBUG - [{'caption': 'Home', 'icon': 'icon-home', 'public': True, 'endpoint': 'home', 'administered': True}, {'caption': 'News', 'icon': 'icon-newspaper', 'public': True, 'endpoint': 'news', 'administered': True}, {'caption': 'About', 'icon': 'icon-info-circled', 'public': True, 'endpoint': 'about', 'administered': True}, {'caption': 'Contact', 'icon': 'icon-mail', 'public': True, 'endpoint': 'contact', 'administered': True}, {'caption': 'Administration', 'icon': 'icon-edit', 'public': False, 'endpoint': 'admin', 'administered': False}]
2015-03-10 23:50:07,912 - eshop - DEBUG - [{'caption': 'Home', 'icon': 'icon-home', 'administered': True, 'endpoint': 'home', 'public': True}, {'caption': 'News', 'icon': 'icon-newspaper', 'administered': True, 'endpoint': 'news', 'public': True}, {'caption': 'About', 'icon': 'icon-info-circled', 'administered': True, 'endpoint': 'about', 'public': True}, {'caption': 'Contact', 'icon': 'icon-mail', 'administered': True, 'endpoint': 'contact', 'public': True}, {'caption': 'Administration', 'icon': 'icon-edit', 'administered': False, 'endpoint': 'admin', 'public': False}]
2015-03-10 23:58:14,032 - eshop - DEBUG - [{'endpoint': 'home', 'public': True, 'caption': 'Home', 'icon': 'icon-home', 'administered': True}, {'endpoint': 'news', 'public': True, 'caption': 'News', 'icon': 'icon-newspaper', 'administered': True}, {'endpoint': 'about', 'public': True, 'caption': 'About', 'icon': 'icon-info-circled', 'administered': True}, {'endpoint': 'contact', 'public': True, 'caption': 'Contact', 'icon': 'icon-mail', 'administered': True}, {'endpoint': 'admin', 'public': False, 'caption': 'Administration', 'icon': 'icon-edit', 'administered': False}]
2015-03-10 23:58:25,958 - eshop - DEBUG - [{'caption': 'Home', 'administered': True, 'endpoint': 'home', 'icon': 'icon-home', 'public': True}, {'caption': 'News', 'administered': True, 'endpoint': 'news', 'icon': 'icon-newspaper', 'public': True}, {'caption': 'About', 'administered': True, 'endpoint': 'about', 'icon': 'icon-info-circled', 'public': True}, {'caption': 'Contact', 'administered': True, 'endpoint': 'contact', 'icon': 'icon-mail', 'public': True}, {'caption': 'Administration', 'administered': False, 'endpoint': 'admin', 'icon': 'icon-edit', 'public': False}]
2015-03-10 23:58:26,412 - eshop - DEBUG - [{'caption': 'Home', 'icon': 'icon-home', 'public': True, 'endpoint': 'home', 'administered': True}, {'caption': 'News', 'icon': 'icon-newspaper', 'public': True, 'endpoint': 'news', 'administered': True}, {'caption': 'About', 'icon': 'icon-info-circled', 'public': True, 'endpoint': 'about', 'administered': True}, {'caption': 'Contact', 'icon': 'icon-mail', 'public': True, 'endpoint': 'contact', 'administered': True}, {'caption': 'Administration', 'icon': 'icon-edit', 'public': False, 'endpoint': 'admin', 'administered': False}]
2015-03-11 00:23:55,575 - eshop - DEBUG - [{'caption': 'Home', 'administered': True, 'public': True, 'icon': 'icon-home', 'endpoint': 'home'}, {'caption': 'News', 'administered': True, 'public': True, 'icon': 'icon-newspaper', 'endpoint': 'news'}, {'caption': 'About', 'administered': True, 'public': True, 'icon': 'icon-info-circled', 'endpoint': 'about'}, {'caption': 'Contact', 'administered': True, 'public': True, 'icon': 'icon-mail', 'endpoint': 'contact'}, {'caption': 'Administration', 'administered': False, 'public': False, 'icon': 'icon-edit', 'endpoint': 'admin'}]
2015-03-11 00:23:56,177 - eshop - DEBUG - [{'endpoint': 'home', 'caption': 'Home', 'public': True, 'icon': 'icon-home', 'administered': True}, {'endpoint': 'news', 'caption': 'News', 'public': True, 'icon': 'icon-newspaper', 'administered': True}, {'endpoint': 'about', 'caption': 'About', 'public': True, 'icon': 'icon-info-circled', 'administered': True}, {'endpoint': 'contact', 'caption': 'Contact', 'public': True, 'icon': 'icon-mail', 'administered': True}, {'endpoint': 'admin', 'caption': 'Administration', 'public': False, 'icon': 'icon-edit', 'administered': False}]
2015-03-11 00:24:05,440 - eshop - WARNING - ['__class__', '__delattr__', '__dict__', '__dir__', '__doc__', '__enter__', '__eq__', '__exit__', '__format__', '__ge__', '__getattribute__', '__gt__', '__hash__', '__init__', '__le__', '__lt__', '__module__', '__ne__', '__new__', '__reduce__', '__reduce_ex__', '__repr__', '__setattr__', '__sizeof__', '__str__', '__subclasshook__', '__weakref__', '_get_file_stream', '_get_stream_for_parsing', '_is_old_module', '_load_form_data', '_parse_content_type', 'accept_charsets', 'accept_encodings', 'accept_languages', 'accept_mimetypes', 'access_route', 'application', 'args', 'authorization', 'base_url', 'blueprint', 'cache_control', 'charset', 'close', 'content_encoding', 'content_length', 'content_md5', 'content_type', 'cookies', 'data', 'date', 'dict_storage_class', 'disable_data_descriptor', 'encoding_errors', 'endpoint', 'environ', 'files', 'form', 'form_data_parser_class', 'from_values', 'full_path', 'get_data', 'get_json', 'headers', 'host', 'host_url', 'if_match', 'if_modified_since', 'if_none_match', 'if_range', 'if_unmodified_since', 'input_stream', 'is_multiprocess', 'is_multithread', 'is_run_once', 'is_secure', 'is_xhr', 'json', 'list_storage_class', 'make_form_data_parser', 'max_content_length', 'max_form_memory_size', 'max_forwards', 'method', 'mimetype', 'mimetype_params', 'module', 'on_json_loading_failed', 'parameter_storage_class', 'path', 'pragma', 'query_string', 'range', 'referrer', 'remote_addr', 'remote_user', 'routing_exception', 'scheme', 'script_root', 'shallow', 'stream', 'trusted_hosts', 'url', 'url_charset', 'url_root', 'url_rule', 'user_agent', 'values', 'view_args', 'want_form_data_parsed']
2015-03-11 00:32:23,435 - eshop - DEBUG - [{'administered': True, 'caption': 'Home', 'public': True, 'icon': 'icon-home', 'endpoint': 'home'}, {'administered': True, 'caption': 'News', 'public': True, 'icon': 'icon-newspaper', 'endpoint': 'news'}, {'administered': True, 'caption': 'About', 'public': True, 'icon': 'icon-info-circled', 'endpoint': 'about'}, {'administered': True, 'caption': 'Contact', 'public': True, 'icon': 'icon-mail', 'endpoint': 'contact'}, {'administered': False, 'caption': 'Administration', 'public': False, 'icon': 'icon-edit', 'endpoint': 'admin'}]
2015-03-11 00:32:23,868 - eshop - DEBUG - [{'administered': True, 'icon': 'icon-home', 'caption': 'Home', 'public': True, 'endpoint': 'home'}, {'administered': True, 'icon': 'icon-newspaper', 'caption': 'News', 'public': True, 'endpoint': 'news'}, {'administered': True, 'icon': 'icon-info-circled', 'caption': 'About', 'public': True, 'endpoint': 'about'}, {'administered': True, 'icon': 'icon-mail', 'caption': 'Contact', 'public': True, 'endpoint': 'contact'}, {'administered': False, 'icon': 'icon-edit', 'caption': 'Administration', 'public': False, 'endpoint': 'admin'}]
2015-03-12 22:40:11,777 - eshop - DEBUG - []
2015-03-12 22:40:12,528 - eshop - DEBUG - []
2015-03-12 22:40:20,926 - eshop - WARNING - ['__class__', '__delattr__', '__dict__', '__dir__', '__doc__', '__enter__', '__eq__', '__exit__', '__format__', '__ge__', '__getattribute__', '__gt__', '__hash__', '__init__', '__le__', '__lt__', '__module__', '__ne__', '__new__', '__reduce__', '__reduce_ex__', '__repr__', '__setattr__', '__sizeof__', '__str__', '__subclasshook__', '__weakref__', '_get_file_stream', '_get_stream_for_parsing', '_is_old_module', '_load_form_data', '_parse_content_type', 'accept_charsets', 'accept_encodings', 'accept_languages', 'accept_mimetypes', 'access_route', 'application', 'args', 'authorization', 'base_url', 'blueprint', 'cache_control', 'charset', 'close', 'content_encoding', 'content_length', 'content_md5', 'content_type', 'cookies', 'data', 'date', 'dict_storage_class', 'disable_data_descriptor', 'encoding_errors', 'endpoint', 'environ', 'files', 'form', 'form_data_parser_class', 'from_values', 'full_path', 'get_data', 'get_json', 'headers', 'host', 'host_url', 'if_match', 'if_modified_since', 'if_none_match', 'if_range', 'if_unmodified_since', 'input_stream', 'is_multiprocess', 'is_multithread', 'is_run_once', 'is_secure', 'is_xhr', 'json', 'list_storage_class', 'make_form_data_parser', 'max_content_length', 'max_form_memory_size', 'max_forwards', 'method', 'mimetype', 'mimetype_params', 'module', 'on_json_loading_failed', 'parameter_storage_class', 'path', 'pragma', 'query_string', 'range', 'referrer', 'remote_addr', 'remote_user', 'routing_exception', 'scheme', 'script_root', 'shallow', 'stream', 'trusted_hosts', 'url', 'url_charset', 'url_root', 'url_rule', 'user_agent', 'values', 'view_args', 'want_form_data_parsed']
2015-03-12 22:41:06,132 - eshop - DEBUG - []
2015-03-12 22:41:16,882 - eshop - DEBUG - []
2015-03-12 22:41:22,046 - eshop - DEBUG - []
2015-03-12 22:41:22,516 - eshop - DEBUG - []
2015-03-12 22:43:56,556 - eshop - DEBUG - []
2015-03-12 22:43:57,003 - eshop - DEBUG - []
2015-03-12 22:49:42,393 - eshop - DEBUG - []
2015-03-12 22:49:42,865 - eshop - DEBUG - []
2015-03-12 22:51:41,570 - eshop - DEBUG - []
2015-03-12 22:52:04,211 - eshop - DEBUG - []
2015-03-12 22:52:17,172 - eshop - DEBUG - []
2015-03-12 22:55:18,229 - eshop - DEBUG - []
2015-03-12 22:55:18,490 - eshop - DEBUG - []
2015-03-12 22:56:05,572 - eshop - DEBUG - []
2015-03-12 22:56:15,957 - eshop - DEBUG - []
2015-03-12 22:56:21,865 - eshop - DEBUG - []
2015-03-12 22:56:35,519 - eshop - DEBUG - []
2015-03-12 22:56:38,247 - eshop - DEBUG - []
2015-03-12 22:56:41,954 - eshop - DEBUG - []
2015-03-12 22:56:43,478 - eshop - DEBUG - []
2015-03-12 22:56:56,101 - eshop - DEBUG - []
2015-03-12 22:56:59,802 - eshop - DEBUG - []
2015-03-12 22:57:05,722 - eshop - DEBUG - []
2015-03-12 22:57:11,352 - eshop - DEBUG - []
2015-03-12 22:57:11,638 - eshop - DEBUG - []
